<?xml version="1.0" encoding="UTF-8"?>
<!-- Generated by org.testng.reporters.JUnitXMLReporter -->
<testsuite hostname="DESKTOP-1I7T66E" failures="1" tests="9" name="Test" time="63.914" errors="0" timestamp="29 Nov 2022 13:47:24 GMT">
  <testcase classname="testng1.testcases" name="test1" time="1.321"/>
  <testcase classname="testng1.testcases" name="test2" time="0.484"/>
  <testcase classname="testng1.testcases" name="test3" time="0.399"/>
  <testcase classname="testng1.testcases" name="test4" time="0.242"/>
  <testcase classname="testng1.testcases" name="test5" time="0.667"/>
  <testcase classname="testng1.testcases" name="test6" time="0.495"/>
  <testcase classname="testng1.testcases" name="test7" time="1.106"/>
  <testcase classname="testng1.testcases" name="test8" time="3.397">
    <failure type="org.openqa.selenium.InvalidSelectorException" message="invalid selector: Unable to locate an element with the xpath expression href=&amp;quot;https://www.youtube.com/channel/UCWG2rwsJMUmFGywx4itZciw?app=desktop&amp;quot; because of the following error:
TypeError: Failed to execute &amp;apos;evaluate&amp;apos; on &amp;apos;Document&amp;apos;: The result is not a node set, and therefore cannot be converted to the desired type.
  (Session info: chrome=107.0.5304.107)
For documentation on this error, please visit: https://selenium.dev/exceptions/#invalid_selector_exception
Build info: version: &amp;apos;4.5.2&amp;apos;, revision: &amp;apos;702c64f787c&amp;apos;
System info: os.name: &amp;apos;Windows 10&amp;apos;, os.arch: &amp;apos;amd64&amp;apos;, os.version: &amp;apos;10.0&amp;apos;, java.version: &amp;apos;17.0.4.1&amp;apos;
Driver info: org.openqa.selenium.chrome.ChromeDriver
Command: [a0c96b9c59e5ad5e280277a3bb08ea40, findElement {using=xpath, value=href=&amp;quot;https://www.youtube.com/channel/UCWG2rwsJMUmFGywx4itZciw?app=desktop&amp;quot;}]
Capabilities {acceptInsecureCerts: false, browserName: chrome, browserVersion: 107.0.5304.107, chrome: {chromedriverVersion: 107.0.5304.62 (1eec40d3a576..., userDataDir: C:\Users\saiki\AppData\Loca...}, goog:chromeOptions: {debuggerAddress: localhost:61369}, networkConnectionEnabled: false, pageLoadStrategy: normal, platformName: WINDOWS, proxy: Proxy(), se:cdp: ws://localhost:61369/devtoo..., se:cdpVersion: 107.0.5304.107, setWindowRect: true, strictFileInteractability: false, timeouts: {implicit: 0, pageLoad: 300000, script: 30000}, unhandledPromptBehavior: dismiss and notify, webauthn:extension:credBlob: true, webauthn:extension:largeBlob: true, webauthn:virtualAuthenticators: true}
Session ID: a0c96b9c59e5ad5e280277a3bb08ea40">
      <![CDATA[org.openqa.selenium.InvalidSelectorException: invalid selector: Unable to locate an element with the xpath expression href="https://www.youtube.com/channel/UCWG2rwsJMUmFGywx4itZciw?app=desktop" because of the following error:
TypeError: Failed to execute 'evaluate' on 'Document': The result is not a node set, and therefore cannot be converted to the desired type.
  (Session info: chrome=107.0.5304.107)
For documentation on this error, please visit: https://selenium.dev/exceptions/#invalid_selector_exception
Build info: version: '4.5.2', revision: '702c64f787c'
System info: os.name: 'Windows 10', os.arch: 'amd64', os.version: '10.0', java.version: '17.0.4.1'
Driver info: org.openqa.selenium.chrome.ChromeDriver
Command: [a0c96b9c59e5ad5e280277a3bb08ea40, findElement {using=xpath, value=href="https://www.youtube.com/channel/UCWG2rwsJMUmFGywx4itZciw?app=desktop"}]
Capabilities {acceptInsecureCerts: false, browserName: chrome, browserVersion: 107.0.5304.107, chrome: {chromedriverVersion: 107.0.5304.62 (1eec40d3a576..., userDataDir: C:\Users\saiki\AppData\Loca...}, goog:chromeOptions: {debuggerAddress: localhost:61369}, networkConnectionEnabled: false, pageLoadStrategy: normal, platformName: WINDOWS, proxy: Proxy(), se:cdp: ws://localhost:61369/devtoo..., se:cdpVersion: 107.0.5304.107, setWindowRect: true, strictFileInteractability: false, timeouts: {implicit: 0, pageLoad: 300000, script: 30000}, unhandledPromptBehavior: dismiss and notify, webauthn:extension:credBlob: true, webauthn:extension:largeBlob: true, webauthn:virtualAuthenticators: true}
Session ID: a0c96b9c59e5ad5e280277a3bb08ea40
	at org.openqa.selenium.remote.codec.w3c.W3CHttpResponseCodec.createException(W3CHttpResponseCodec.java:200)
	at org.openqa.selenium.remote.codec.w3c.W3CHttpResponseCodec.decode(W3CHttpResponseCodec.java:133)
	at org.openqa.selenium.remote.codec.w3c.W3CHttpResponseCodec.decode(W3CHttpResponseCodec.java:53)
	at org.openqa.selenium.remote.HttpCommandExecutor.execute(HttpCommandExecutor.java:184)
	at org.openqa.selenium.remote.service.DriverCommandExecutor.invokeExecute(DriverCommandExecutor.java:167)
	at org.openqa.selenium.remote.service.DriverCommandExecutor.execute(DriverCommandExecutor.java:142)
	at org.openqa.selenium.remote.RemoteWebDriver.execute(RemoteWebDriver.java:541)
	at org.openqa.selenium.remote.ElementLocation$ElementFinder$2.findElement(ElementLocation.java:162)
	at org.openqa.selenium.remote.ElementLocation.findElement(ElementLocation.java:60)
	at org.openqa.selenium.remote.RemoteWebDriver.findElement(RemoteWebDriver.java:365)
	at org.openqa.selenium.remote.RemoteWebDriver.findElement(RemoteWebDriver.java:357)
	at testng1.testcases.test8(testcases.java:71)
... Removed 29 stack frames]]>
    </failure>
  </testcase> <!-- test8 -->
  <testcase classname="testng1.testcases" name="test9" time="0.648"/>
</testsuite> <!-- Test -->
